{"C:\\Users\\acer pc\\Documents\\Projects\\namaste-react\\src\\components\\Contact.js": {"path":"C:\\Users\\acer pc\\Documents\\Projects\\namaste-react\\src\\components\\Contact.js","statementMap":{"0":{"start":{"line":1,"column":16},"end":{"line":13,"column":1}},"1":{"start":{"line":2,"column":4},"end":{"line":12,"column":5}}},"fnMap":{"0":{"name":"(anonymous_0)","decl":{"start":{"line":1,"column":16},"end":{"line":1,"column":17}},"loc":{"start":{"line":1,"column":22},"end":{"line":13,"column":1}},"line":1}},"branchMap":{},"s":{"0":1,"1":2},"f":{"0":2},"b":{},"_coverageSchema":"1a1c01bbd47fc00a2c39e90264f33305004495a9","hash":"6f4465ef9051e763da3fedd7ff128c5e17b03778"}
}
