{"C:\\Users\\acer pc\\Documents\\Projects\\namaste-react\\src\\components\\Body.js": {"path":"C:\\Users\\acer pc\\Documents\\Projects\\namaste-react\\src\\components\\Body.js","statementMap":{"0":{"start":{"line":7,"column":13},"end":{"line":110,"column":1}},"1":{"start":{"line":9,"column":52},"end":{"line":9,"column":64}},"2":{"start":{"line":10,"column":46},"end":{"line":10,"column":58}},"3":{"start":{"line":11,"column":38},"end":{"line":11,"column":50}},"4":{"start":{"line":13,"column":33},"end":{"line":13,"column":66}},"5":{"start":{"line":15,"column":2},"end":{"line":17,"column":9}},"6":{"start":{"line":16,"column":4},"end":{"line":16,"column":16}},"7":{"start":{"line":19,"column":20},"end":{"line":38,"column":3}},"8":{"start":{"line":21,"column":17},"end":{"line":21,"column":77}},"9":{"start":{"line":23,"column":17},"end":{"line":23,"column":34}},"10":{"start":{"line":26,"column":6},"end":{"line":27,"column":27}},"11":{"start":{"line":30,"column":6},"end":{"line":31,"column":27}},"12":{"start":{"line":32,"column":4},"end":{"line":33,"column":41}},"13":{"start":{"line":36,"column":4},"end":{"line":36,"column":35}},"14":{"start":{"line":37,"column":4},"end":{"line":37,"column":38}},"15":{"start":{"line":40,"column":23},"end":{"line":40,"column":40}},"16":{"start":{"line":42,"column":2},"end":{"line":43,"column":72}},"17":{"start":{"line":43,"column":4},"end":{"line":43,"column":72}},"18":{"start":{"line":45,"column":23},"end":{"line":57,"column":3}},"19":{"start":{"line":46,"column":4},"end":{"line":50,"column":5}},"20":{"start":{"line":48,"column":6},"end":{"line":48,"column":43}},"21":{"start":{"line":49,"column":6},"end":{"line":49,"column":13}},"22":{"start":{"line":52,"column":32},"end":{"line":54,"column":5}},"23":{"start":{"line":53,"column":6},"end":{"line":53,"column":68}},"24":{"start":{"line":56,"column":4},"end":{"line":56,"column":46}},"25":{"start":{"line":59,"column":25},"end":{"line":62,"column":3}},"26":{"start":{"line":60,"column":25},"end":{"line":60,"column":79}},"27":{"start":{"line":60,"column":56},"end":{"line":60,"column":78}},"28":{"start":{"line":61,"column":4},"end":{"line":61,"column":39}},"29":{"start":{"line":64,"column":2},"end":{"line":109,"column":4}},"30":{"start":{"line":75,"column":29},"end":{"line":75,"column":58}},"31":{"start":{"line":96,"column":10},"end":{"line":105,"column":17}}},"fnMap":{"0":{"name":"(anonymous_0)","decl":{"start":{"line":7,"column":13},"end":{"line":7,"column":14}},"loc":{"start":{"line":7,"column":19},"end":{"line":110,"column":1}},"line":7},"1":{"name":"(anonymous_1)","decl":{"start":{"line":15,"column":12},"end":{"line":15,"column":13}},"loc":{"start":{"line":15,"column":18},"end":{"line":17,"column":3}},"line":15},"2":{"name":"(anonymous_2)","decl":{"start":{"line":19,"column":20},"end":{"line":19,"column":21}},"loc":{"start":{"line":19,"column":32},"end":{"line":38,"column":3}},"line":19},"3":{"name":"(anonymous_3)","decl":{"start":{"line":45,"column":23},"end":{"line":45,"column":24}},"loc":{"start":{"line":45,"column":29},"end":{"line":57,"column":3}},"line":45},"4":{"name":"(anonymous_4)","decl":{"start":{"line":52,"column":54},"end":{"line":52,"column":55}},"loc":{"start":{"line":53,"column":6},"end":{"line":53,"column":68}},"line":53},"5":{"name":"(anonymous_5)","decl":{"start":{"line":59,"column":25},"end":{"line":59,"column":26}},"loc":{"start":{"line":59,"column":31},"end":{"line":62,"column":3}},"line":59},"6":{"name":"(anonymous_6)","decl":{"start":{"line":60,"column":47},"end":{"line":60,"column":48}},"loc":{"start":{"line":60,"column":56},"end":{"line":60,"column":78}},"line":60},"7":{"name":"(anonymous_7)","decl":{"start":{"line":75,"column":22},"end":{"line":75,"column":23}},"loc":{"start":{"line":75,"column":29},"end":{"line":75,"column":58}},"line":75},"8":{"name":"(anonymous_8)","decl":{"start":{"line":95,"column":31},"end":{"line":95,"column":32}},"loc":{"start":{"line":96,"column":10},"end":{"line":105,"column":17}},"line":96}},"branchMap":{"0":{"loc":{"start":{"line":26,"column":6},"end":{"line":27,"column":27}},"type":"binary-expr","locations":[{"start":{"line":26,"column":6},"end":{"line":27,"column":21}},{"start":{"line":27,"column":25},"end":{"line":27,"column":27}}],"line":26},"1":{"loc":{"start":{"line":30,"column":6},"end":{"line":31,"column":27}},"type":"binary-expr","locations":[{"start":{"line":30,"column":6},"end":{"line":31,"column":21}},{"start":{"line":31,"column":25},"end":{"line":31,"column":27}}],"line":30},"2":{"loc":{"start":{"line":42,"column":2},"end":{"line":43,"column":72}},"type":"if","locations":[{"start":{"line":42,"column":2},"end":{"line":43,"column":72}},{"start":{},"end":{}}],"line":42},"3":{"loc":{"start":{"line":46,"column":4},"end":{"line":50,"column":5}},"type":"if","locations":[{"start":{"line":46,"column":4},"end":{"line":50,"column":5}},{"start":{},"end":{}}],"line":46},"4":{"loc":{"start":{"line":64,"column":9},"end":{"line":109,"column":3}},"type":"cond-expr","locations":[{"start":{"line":65,"column":4},"end":{"line":65,"column":15}},{"start":{"line":67,"column":4},"end":{"line":108,"column":10}}],"line":64}},"s":{"0":1,"1":2,"2":1,"3":1,"4":1,"5":1,"6":1,"7":1,"8":1,"9":1,"10":1,"11":1,"12":1,"13":1,"14":1,"15":1,"16":1,"17":0,"18":1,"19":0,"20":0,"21":0,"22":0,"23":0,"24":0,"25":1,"26":0,"27":0,"28":0,"29":1,"30":0,"31":0},"f":{"0":2,"1":1,"2":1,"3":0,"4":0,"5":0,"6":0,"7":0,"8":0},"b":{"0":[1,0],"1":[1,0],"2":[0,1],"3":[0,0],"4":[1,0]},"_coverageSchema":"1a1c01bbd47fc00a2c39e90264f33305004495a9","hash":"09ee530265a4d0164f50bab3f7e9a756a109f9c1"}
,"C:\\Users\\acer pc\\Documents\\Projects\\namaste-react\\src\\components\\Header.js": {"path":"C:\\Users\\acer pc\\Documents\\Projects\\namaste-react\\src\\components\\Header.js","statementMap":{"0":{"start":{"line":7,"column":15},"end":{"line":54,"column":1}},"1":{"start":{"line":8,"column":42},"end":{"line":8,"column":59}},"2":{"start":{"line":10,"column":25},"end":{"line":10,"column":48}},"3":{"start":{"line":13,"column":20},"end":{"line":13,"column":60}},"4":{"start":{"line":13,"column":43},"end":{"line":13,"column":59}},"5":{"start":{"line":15,"column":2},"end":{"line":53,"column":4}},"6":{"start":{"line":42,"column":14},"end":{"line":44,"column":43}}},"fnMap":{"0":{"name":"(anonymous_0)","decl":{"start":{"line":7,"column":15},"end":{"line":7,"column":16}},"loc":{"start":{"line":7,"column":21},"end":{"line":54,"column":1}},"line":7},"1":{"name":"(anonymous_1)","decl":{"start":{"line":13,"column":32},"end":{"line":13,"column":33}},"loc":{"start":{"line":13,"column":43},"end":{"line":13,"column":59}},"line":13},"2":{"name":"(anonymous_2)","decl":{"start":{"line":41,"column":21},"end":{"line":41,"column":22}},"loc":{"start":{"line":41,"column":27},"end":{"line":45,"column":13}},"line":41}},"branchMap":{"0":{"loc":{"start":{"line":42,"column":14},"end":{"line":44,"column":42}},"type":"cond-expr","locations":[{"start":{"line":43,"column":18},"end":{"line":43,"column":43}},{"start":{"line":44,"column":18},"end":{"line":44,"column":42}}],"line":42}},"s":{"0":1,"1":3,"2":3,"3":3,"4":5,"5":3,"6":1},"f":{"0":3,"1":5,"2":1},"b":{"0":[1,0]},"_coverageSchema":"1a1c01bbd47fc00a2c39e90264f33305004495a9","hash":"63f2892212c11f6c19bd81bc0fec79fdbe7e9e01"}
,"C:\\Users\\acer pc\\Documents\\Projects\\namaste-react\\src\\components\\RestaurantCard.js": {"path":"C:\\Users\\acer pc\\Documents\\Projects\\namaste-react\\src\\components\\RestaurantCard.js","statementMap":{"0":{"start":{"line":3,"column":18},"end":{"line":5,"column":1}},"1":{"start":{"line":7,"column":23},"end":{"line":31,"column":1}},"2":{"start":{"line":8,"column":22},"end":{"line":8,"column":27}},"3":{"start":{"line":11,"column":4},"end":{"line":11,"column":17}},"4":{"start":{"line":13,"column":27},"end":{"line":13,"column":45}},"5":{"start":{"line":15,"column":2},"end":{"line":30,"column":4}},"6":{"start":{"line":36,"column":33},"end":{"line":45,"column":1}},"7":{"start":{"line":37,"column":2},"end":{"line":44,"column":4}},"8":{"start":{"line":38,"column":4},"end":{"line":43,"column":6}}},"fnMap":{"0":{"name":"(anonymous_0)","decl":{"start":{"line":7,"column":23},"end":{"line":7,"column":24}},"loc":{"start":{"line":7,"column":34},"end":{"line":31,"column":1}},"line":7},"1":{"name":"(anonymous_1)","decl":{"start":{"line":36,"column":33},"end":{"line":36,"column":34}},"loc":{"start":{"line":36,"column":53},"end":{"line":45,"column":1}},"line":36},"2":{"name":"(anonymous_2)","decl":{"start":{"line":37,"column":9},"end":{"line":37,"column":10}},"loc":{"start":{"line":37,"column":20},"end":{"line":44,"column":3}},"line":37}},"branchMap":{},"s":{"0":2,"1":2,"2":1,"3":1,"4":1,"5":1,"6":2,"7":1,"8":0},"f":{"0":1,"1":1,"2":0},"b":{},"_coverageSchema":"1a1c01bbd47fc00a2c39e90264f33305004495a9","hash":"878f3e9df8cb32519845767985e8a88665e99346"}
,"C:\\Users\\acer pc\\Documents\\Projects\\namaste-react\\src\\utils\\appStore.js": {"path":"C:\\Users\\acer pc\\Documents\\Projects\\namaste-react\\src\\utils\\appStore.js","statementMap":{"0":{"start":{"line":4,"column":17},"end":{"line":8,"column":2}}},"fnMap":{},"branchMap":{},"s":{"0":1},"f":{},"b":{},"_coverageSchema":"1a1c01bbd47fc00a2c39e90264f33305004495a9","hash":"7edea4d0f39814df9c80cb156a65a44d3ea0a7d5"}
}
