TN:
SF:src\components\Body.js
FN:7,(anonymous_0)
FN:15,(anonymous_1)
FN:19,(anonymous_2)
FN:45,(anonymous_3)
FN:52,(anonymous_4)
FN:59,(anonymous_5)
FN:60,(anonymous_6)
FN:75,(anonymous_7)
FN:95,(anonymous_8)
FNF:9
FNH:3
FNDA:2,(anonymous_0)
FNDA:1,(anonymous_1)
FNDA:1,(anonymous_2)
FNDA:0,(anonymous_3)
FNDA:0,(anonymous_4)
FNDA:0,(anonymous_5)
FNDA:0,(anonymous_6)
FNDA:0,(anonymous_7)
FNDA:0,(anonymous_8)
DA:7,1
DA:9,2
DA:10,1
DA:11,1
DA:13,1
DA:15,1
DA:16,1
DA:19,1
DA:21,1
DA:23,1
DA:26,1
DA:30,1
DA:32,1
DA:36,1
DA:37,1
DA:40,1
DA:42,1
DA:43,0
DA:45,1
DA:46,0
DA:48,0
DA:49,0
DA:52,0
DA:53,0
DA:56,0
DA:59,1
DA:60,0
DA:61,0
DA:64,1
DA:75,0
DA:96,0
LF:31
LH:20
BRDA:26,0,0,1
BRDA:26,0,1,0
BRDA:30,1,0,1
BRDA:30,1,1,0
BRDA:42,2,0,0
BRDA:42,2,1,1
BRDA:46,3,0,0
BRDA:46,3,1,0
BRDA:64,4,0,1
BRDA:64,4,1,0
BRF:10
BRH:4
end_of_record
TN:
SF:src\components\Header.js
FN:7,(anonymous_0)
FN:13,(anonymous_1)
FN:41,(anonymous_2)
FNF:3
FNH:3
FNDA:3,(anonymous_0)
FNDA:5,(anonymous_1)
FNDA:1,(anonymous_2)
DA:7,1
DA:8,3
DA:10,3
DA:13,5
DA:15,3
DA:42,1
LF:6
LH:6
BRDA:42,0,0,1
BRDA:42,0,1,0
BRF:2
BRH:1
end_of_record
TN:
SF:src\components\RestaurantCard.js
FN:7,(anonymous_0)
FN:36,(anonymous_1)
FN:37,(anonymous_2)
FNF:3
FNH:2
FNDA:1,(anonymous_0)
FNDA:1,(anonymous_1)
FNDA:0,(anonymous_2)
DA:3,2
DA:7,2
DA:8,1
DA:11,1
DA:13,1
DA:15,1
DA:36,2
DA:37,1
DA:38,0
LF:9
LH:8
BRF:0
BRH:0
end_of_record
TN:
SF:src\utils\appStore.js
FNF:0
FNH:0
DA:4,1
LF:1
LH:1
BRF:0
BRH:0
end_of_record
